Using pre-set license
Built from '2020.3/release' branch; Version is '2020.3.2f1 (8fd9074bf66c) revision 9427207'; Using compiler version '192528614'; Build Type 'Release'
OS: 'Windows 10 Pro; OS build 19042.1110; Version 2009; 64bit' Language: 'ru' Physical Memory: 16335 MB
BatchMode: 1, IsHumanControllingUs: 0, StartBugReporterOnCrash: 0, Is64bit: 1, IsPro: 0

 COMMAND LINE ARGUMENTS:
C:\Unity\2020.3.2f1\Editor\Unity.exe
-adb2
-batchMode
-noUpm
-name
AssetImportWorker1
-projectPath
C:/Repos/Unity 3D/GenericSpaceSim
-logFile
Logs/AssetImportWorker1.log
-srvPort
63702
Successfully changed project path to: C:/Repos/Unity 3D/GenericSpaceSim
C:/Repos/Unity 3D/GenericSpaceSim
Using Asset Import Pipeline V2.
Refreshing native plugins compatible for Editor in 27.42 ms, found 0 plugins.
Preloading 0 native plugins for Editor in 0.00 ms.
Initialize engine version: 2020.3.2f1 (8fd9074bf66c)
[Subsystems] Discovering subsystems at path C:/Unity/2020.3.2f1/Editor/Data/Resources/UnitySubsystems
[Subsystems] Discovering subsystems at path C:/Repos/Unity 3D/GenericSpaceSim/Assets
GfxDevice: creating device client; threaded=0
Direct3D:
    Version:  Direct3D 11.0 [level 11.1]
    Renderer: NVIDIA GeForce GTX 1050 (ID=0x1c81)
    Vendor:   
    VRAM:     1977 MB
    Driver:   27.21.14.6589
Initialize mono
Mono path[0] = 'C:/Unity/2020.3.2f1/Editor/Data/Managed'
Mono path[1] = 'C:/Unity/2020.3.2f1/Editor/Data/MonoBleedingEdge/lib/mono/unityjit'
Mono config path = 'C:/Unity/2020.3.2f1/Editor/Data/MonoBleedingEdge/etc'
Using monoOptions --debugger-agent=transport=dt_socket,embedding=1,server=y,suspend=n,address=127.0.0.1:56712
Begin MonoManager ReloadAssembly
Registering precompiled unity dll's ...
Register platform support module: C:/Unity/2020.3.2f1/Editor/Data/PlaybackEngines/WebGLSupport/UnityEditor.WebGL.Extensions.dll
Register platform support module: C:/Unity/2020.3.2f1/Editor/Data/PlaybackEngines/WindowsStandaloneSupport/UnityEditor.WindowsStandalone.Extensions.dll
Registered in 0.003323 seconds.
Native extension for WindowsStandalone target not found
Native extension for WebGL target not found
Refreshing native plugins compatible for Editor in 27.56 ms, found 0 plugins.
Preloading 0 native plugins for Editor in 0.00 ms.
Invoked RoslynAnalysisRunner static constructor.
RoslynAnalysisRunner will not be running.
RoslynAnalysisRunner has terminated.
Mono: successfully reloaded assembly
- Completed reload, in  5.690 seconds
Platform modules already initialized, skipping
Registering precompiled user dll's ...
Registered in 0.000746 seconds.
Begin MonoManager ReloadAssembly
Native extension for WindowsStandalone target not found
Native extension for WebGL target not found
Refreshing native plugins compatible for Editor in 0.23 ms, found 0 plugins.
Preloading 0 native plugins for Editor in 0.00 ms.
Invoked RoslynAnalysisRunner static constructor.
RoslynAnalysisRunner will not be running.
RoslynAnalysisRunner has terminated.
Mono: successfully reloaded assembly
- Completed reload, in  0.930 seconds
Platform modules already initialized, skipping
========================================================================
Worker process is ready to serve import requests
Launched and connected shader compiler UnityShaderCompiler.exe after 0.05 seconds
Refreshing native plugins compatible for Editor in 0.21 ms, found 0 plugins.
Preloading 0 native plugins for Editor in 0.00 ms.
Unloading 1160 Unused Serialized files (Serialized files now loaded: 0)
System memory in use before: 80.1 MB.
System memory in use after: 80.2 MB.

Unloading 9 unused Assets to reduce memory usage. Loaded Objects now: 1638.
Total: 1.647400 ms (FindLiveObjects: 0.145100 ms CreateObjectMapping: 0.028900 ms MarkObjects: 1.382200 ms  DeleteObjects: 0.090500 ms)

========================================================================
Received Import Request.
  path: Assets/Scenes/SampleScene/ReflectionProbe-0.exr
  artifactKey: Guid(1b738c51f340a3c40a68e9cdf5d753ca) Importer(815301076,1909f56bfc062723c751e8b465ee728b)
Start importing Assets/Scenes/SampleScene/ReflectionProbe-0.exr using Guid(1b738c51f340a3c40a68e9cdf5d753ca) Importer(815301076,1909f56bfc062723c751e8b465ee728b)  -> (artifact id: 'c68ec32258bc91a413529979c6d9a678') in 0.126051 seconds
  Import took 0.128289 seconds .

========================================================================
Received Import Request.
  Time since last request: 0.000183 seconds.
  path: Assets/Scenes/SampleScene/LightingData.asset
  artifactKey: Guid(12f53b3a91993b64a9b8697cdbf2640b) Importer(815301076,1909f56bfc062723c751e8b465ee728b)
Start importing Assets/Scenes/SampleScene/LightingData.asset using Guid(12f53b3a91993b64a9b8697cdbf2640b) Importer(815301076,1909f56bfc062723c751e8b465ee728b)  -> (artifact id: '0e7a6b86dfd156891a17943a031fba78') in 0.010741 seconds
  Import took 0.012483 seconds .

========================================================================
Received Prepare
Registering precompiled user dll's ...
Registered in 0.000751 seconds.
Begin MonoManager ReloadAssembly
Native extension for WindowsStandalone target not found
Native extension for WebGL target not found
Refreshing native plugins compatible for Editor in 0.32 ms, found 0 plugins.
Preloading 0 native plugins for Editor in 0.00 ms.
Invoked RoslynAnalysisRunner static constructor.
RoslynAnalysisRunner will not be running.
RoslynAnalysisRunner has terminated.
Mono: successfully reloaded assembly
- Completed reload, in  0.871 seconds
Platform modules already initialized, skipping
Refreshing native plugins compatible for Editor in 0.24 ms, found 0 plugins.
Preloading 0 native plugins for Editor in 0.00 ms.
Unloading 1155 Unused Serialized files (Serialized files now loaded: 0)
System memory in use before: 83.4 MB.
System memory in use after: 83.5 MB.

Unloading 5 unused Assets to reduce memory usage. Loaded Objects now: 1673.
Total: 1.679600 ms (FindLiveObjects: 0.160200 ms CreateObjectMapping: 0.029800 ms MarkObjects: 1.411500 ms  DeleteObjects: 0.076800 ms)

========================================================================
Received Prepare
Registering precompiled user dll's ...
Registered in 0.000770 seconds.
Begin MonoManager ReloadAssembly
Native extension for WindowsStandalone target not found
Native extension for WebGL target not found
Refreshing native plugins compatible for Editor in 0.23 ms, found 0 plugins.
Preloading 0 native plugins for Editor in 0.00 ms.
Invoked RoslynAnalysisRunner static constructor.
RoslynAnalysisRunner will not be running.
RoslynAnalysisRunner has terminated.
Mono: successfully reloaded assembly
- Completed reload, in  0.867 seconds
Platform modules already initialized, skipping
Refreshing native plugins compatible for Editor in 0.21 ms, found 0 plugins.
Preloading 0 native plugins for Editor in 0.00 ms.
Unloading 1155 Unused Serialized files (Serialized files now loaded: 0)
System memory in use before: 83.4 MB.
System memory in use after: 83.5 MB.

Unloading 5 unused Assets to reduce memory usage. Loaded Objects now: 1676.
Total: 1.999400 ms (FindLiveObjects: 0.261000 ms CreateObjectMapping: 0.069600 ms MarkObjects: 1.578100 ms  DeleteObjects: 0.089700 ms)

========================================================================
Received Prepare
Registering precompiled user dll's ...
Registered in 0.000805 seconds.
Begin MonoManager ReloadAssembly
Native extension for WindowsStandalone target not found
Native extension for WebGL target not found
Refreshing native plugins compatible for Editor in 0.22 ms, found 0 plugins.
Preloading 0 native plugins for Editor in 0.00 ms.
Invoked RoslynAnalysisRunner static constructor.
RoslynAnalysisRunner will not be running.
RoslynAnalysisRunner has terminated.
Mono: successfully reloaded assembly
- Completed reload, in  0.849 seconds
Platform modules already initialized, skipping
Refreshing native plugins compatible for Editor in 0.32 ms, found 0 plugins.
Preloading 0 native plugins for Editor in 0.00 ms.
Unloading 1155 Unused Serialized files (Serialized files now loaded: 0)
System memory in use before: 83.4 MB.
System memory in use after: 83.5 MB.

Unloading 5 unused Assets to reduce memory usage. Loaded Objects now: 1679.
Total: 2.040100 ms (FindLiveObjects: 0.222000 ms CreateObjectMapping: 0.048400 ms MarkObjects: 1.681900 ms  DeleteObjects: 0.086400 ms)

========================================================================
Received Import Request.
  Time since last request: 689.794406 seconds.
  path: Assets/Asset packs/SpaceShipPack/Textures/Pixel Make Voyager/01_Cockpit/01_Cockpit_Albedo.png
  artifactKey: Guid(db99cd9bb70558942b476485ae65ad89) Importer(815301076,1909f56bfc062723c751e8b465ee728b)
Start importing Assets/Asset packs/SpaceShipPack/Textures/Pixel Make Voyager/01_Cockpit/01_Cockpit_Albedo.png using Guid(db99cd9bb70558942b476485ae65ad89) Importer(815301076,1909f56bfc062723c751e8b465ee728b)  -> (artifact id: '8306a8f0be533e8dfb1b677eda31132f') in 0.073787 seconds
  Import took 0.076351 seconds .

========================================================================
Received Import Request.
  Time since last request: 0.000250 seconds.
  path: Assets/Asset packs/SpaceShipPack/Textures/Pixel Make Voyager/01_Cockpit/01_Cockpit_Specular.png
  artifactKey: Guid(1e256ea713d0902428632c0c2d818a18) Importer(815301076,1909f56bfc062723c751e8b465ee728b)
Start importing Assets/Asset packs/SpaceShipPack/Textures/Pixel Make Voyager/01_Cockpit/01_Cockpit_Specular.png using Guid(1e256ea713d0902428632c0c2d818a18) Importer(815301076,1909f56bfc062723c751e8b465ee728b)  -> (artifact id: '688b0adb1f08576cc8fde236d23760d4') in 0.036093 seconds
  Import took 0.038283 seconds .

========================================================================
Received Import Request.
  Time since last request: 0.000229 seconds.
  path: Assets/Asset packs/SpaceShipPack/Textures/Pixel Make Voyager/01_Cockpit/01_Cockpit_Normal.png
  artifactKey: Guid(85e7625825b20da41ae90bb52d862b29) Importer(815301076,1909f56bfc062723c751e8b465ee728b)
Start importing Assets/Asset packs/SpaceShipPack/Textures/Pixel Make Voyager/01_Cockpit/01_Cockpit_Normal.png using Guid(85e7625825b20da41ae90bb52d862b29) Importer(815301076,1909f56bfc062723c751e8b465ee728b)  -> (artifact id: '86da59f359ca65dde31fc498fc3ebd9c') in 0.035268 seconds
  Import took 0.038333 seconds .

========================================================================
Received Import Request.
  Time since last request: 0.000237 seconds.
  path: Assets/Asset packs/SpaceShipPack/Textures/Pixel Make Voyager/03_CoreChassy/03_CoreChassy_Normal.png
  artifactKey: Guid(1f062da4f42ed7f45ba8e0b0135b436a) Importer(815301076,1909f56bfc062723c751e8b465ee728b)
Start importing Assets/Asset packs/SpaceShipPack/Textures/Pixel Make Voyager/03_CoreChassy/03_CoreChassy_Normal.png using Guid(1f062da4f42ed7f45ba8e0b0135b436a) Importer(815301076,1909f56bfc062723c751e8b465ee728b)  -> (artifact id: 'e6cb1e4a9ed1985618613468d9089266') in 0.030988 seconds
  Import took 0.033982 seconds .

========================================================================
Received Import Request.
  Time since last request: 0.000212 seconds.
  path: Assets/Asset packs/SpaceShipPack/Textures/Pixel Make Voyager/05_Wings/05_Wings_Emission.png
  artifactKey: Guid(287f1360ff86eda4dbe87bca02513646) Importer(815301076,1909f56bfc062723c751e8b465ee728b)
Start importing Assets/Asset packs/SpaceShipPack/Textures/Pixel Make Voyager/05_Wings/05_Wings_Emission.png using Guid(287f1360ff86eda4dbe87bca02513646) Importer(815301076,1909f56bfc062723c751e8b465ee728b)  -> (artifact id: '3a330fa1f8cb7daac271d28ad50a8f6a') in 0.021948 seconds
  Import took 0.024337 seconds .

========================================================================
Received Import Request.
  Time since last request: 0.000184 seconds.
  path: Assets/Asset packs/SpaceShipPack/Textures/Pixel Make Voyager/03_CoreChassy/03_CoreChassy_Emission.png
  artifactKey: Guid(7a826a6f3d34d6548a11e3bc0a0b4f43) Importer(815301076,1909f56bfc062723c751e8b465ee728b)
Start importing Assets/Asset packs/SpaceShipPack/Textures/Pixel Make Voyager/03_CoreChassy/03_CoreChassy_Emission.png using Guid(7a826a6f3d34d6548a11e3bc0a0b4f43) Importer(815301076,1909f56bfc062723c751e8b465ee728b)  -> (artifact id: '66e6bd4cf5b5abf82aa6bee1f7660339') in 0.022078 seconds
  Import took 0.024985 seconds .

========================================================================
Received Import Request.
  Time since last request: 0.000224 seconds.
  path: Assets/Asset packs/SpaceShipPack/Textures/Pixel Make Voyager/01_Cockpit/01_Cockpit_Emission.png
  artifactKey: Guid(73ec3e3dc30f48546bdddc13453d48db) Importer(815301076,1909f56bfc062723c751e8b465ee728b)
Start importing Assets/Asset packs/SpaceShipPack/Textures/Pixel Make Voyager/01_Cockpit/01_Cockpit_Emission.png using Guid(73ec3e3dc30f48546bdddc13453d48db) Importer(815301076,1909f56bfc062723c751e8b465ee728b)  -> (artifact id: '6685889e0515dcff379a86c254290a57') in 0.022556 seconds
  Import took 0.025191 seconds .

========================================================================
Received Import Request.
  Time since last request: 0.000300 seconds.
  path: Assets/Asset packs/SpaceShipPack/Textures/Pixel Make Voyager/05_Wings/05_Wings_Albedo.png
  artifactKey: Guid(da1250f7e67ecad4bace5b0cf8fb7bee) Importer(815301076,1909f56bfc062723c751e8b465ee728b)
Start importing Assets/Asset packs/SpaceShipPack/Textures/Pixel Make Voyager/05_Wings/05_Wings_Albedo.png using Guid(da1250f7e67ecad4bace5b0cf8fb7bee) Importer(815301076,1909f56bfc062723c751e8b465ee728b)  -> (artifact id: '849ab7df11b2f3283f15959c5651794e') in 0.021594 seconds
  Import took 0.024406 seconds .

========================================================================
Received Import Request.
  Time since last request: 0.000243 seconds.
  path: Assets/Asset packs/SpaceShipPack/Textures/Pixel Make Voyager/03_CoreChassy/03_CoreChassy_Albedo.png
  artifactKey: Guid(340f58b454b000f46b59e39d2b4ad65c) Importer(815301076,1909f56bfc062723c751e8b465ee728b)
Start importing Assets/Asset packs/SpaceShipPack/Textures/Pixel Make Voyager/03_CoreChassy/03_CoreChassy_Albedo.png using Guid(340f58b454b000f46b59e39d2b4ad65c) Importer(815301076,1909f56bfc062723c751e8b465ee728b)  -> (artifact id: 'aae321b547d9f8d4816ac86007cca476') in 0.020630 seconds
  Import took 0.023377 seconds .

========================================================================
Received Import Request.
  Time since last request: 0.000198 seconds.
  path: Assets/Asset packs/SpaceShipPack/Textures/Pixel Make Voyager/05_Wings/05_Wings_Normal.png
  artifactKey: Guid(3a518f86e633f4643905d773e2e4cc51) Importer(815301076,1909f56bfc062723c751e8b465ee728b)
Start importing Assets/Asset packs/SpaceShipPack/Textures/Pixel Make Voyager/05_Wings/05_Wings_Normal.png using Guid(3a518f86e633f4643905d773e2e4cc51) Importer(815301076,1909f56bfc062723c751e8b465ee728b)  -> (artifact id: '0ec085f4a231db96431874c40af91ed6') in 0.026652 seconds
  Import took 0.028571 seconds .

========================================================================
Received Import Request.
  Time since last request: 0.000207 seconds.
  path: Assets/Asset packs/SpaceShipPack/Textures/Pixel Make Voyager/03_CoreChassy/03_CoreChassy_Specular.png
  artifactKey: Guid(07214e0c162e67747babd9fde55fe834) Importer(815301076,1909f56bfc062723c751e8b465ee728b)
Start importing Assets/Asset packs/SpaceShipPack/Textures/Pixel Make Voyager/03_CoreChassy/03_CoreChassy_Specular.png using Guid(07214e0c162e67747babd9fde55fe834) Importer(815301076,1909f56bfc062723c751e8b465ee728b)  -> (artifact id: '1a9d0af3431727947206029408eb78ae') in 0.027226 seconds
  Import took 0.029413 seconds .

========================================================================
Received Import Request.
  Time since last request: 51.246941 seconds.
  path: Assets/Scenes/SampleScene/LightingData.asset
  artifactKey: Guid(12f53b3a91993b64a9b8697cdbf2640b) Importer(815301076,1909f56bfc062723c751e8b465ee728b)
Start importing Assets/Scenes/SampleScene/LightingData.asset using Guid(12f53b3a91993b64a9b8697cdbf2640b) Importer(815301076,1909f56bfc062723c751e8b465ee728b)  -> (artifact id: '98704ea9c6be02fbf083ec4288b63757') in 0.003859 seconds
  Import took 0.007740 seconds .

========================================================================
Received Import Request.
  Time since last request: 119.814917 seconds.
  path: Assets/Asset packs/SpaceShipPack/Textures/Pixel Make Voyager/05_Wings/05_Wings_Specular.png
  artifactKey: Guid(cba0117aadafbd44fb5e981dec8bcbb2) Importer(815301076,1909f56bfc062723c751e8b465ee728b)
Start importing Assets/Asset packs/SpaceShipPack/Textures/Pixel Make Voyager/05_Wings/05_Wings_Specular.png using Guid(cba0117aadafbd44fb5e981dec8bcbb2) Importer(815301076,1909f56bfc062723c751e8b465ee728b)  -> (artifact id: '6000d23789e39b20fdc1664d37ee8a2b') in 0.026822 seconds
  Import took 0.029720 seconds .

========================================================================
Received Import Request.
  Time since last request: 0.000195 seconds.
  path: Assets/Asset packs/SpaceShipPack/Textures/Pixel Make Voyager/06_BoosterPlug/06_BoosterPlug_Albedo.png
  artifactKey: Guid(5b20c862653d47c44b3dbf8dde538848) Importer(815301076,1909f56bfc062723c751e8b465ee728b)
Start importing Assets/Asset packs/SpaceShipPack/Textures/Pixel Make Voyager/06_BoosterPlug/06_BoosterPlug_Albedo.png using Guid(5b20c862653d47c44b3dbf8dde538848) Importer(815301076,1909f56bfc062723c751e8b465ee728b)  -> (artifact id: 'e0eb67385272b87f1d4f7be01bf070ab') in 0.019301 seconds
  Import took 0.021359 seconds .

========================================================================
Received Import Request.
  Time since last request: 0.000222 seconds.
  path: Assets/Asset packs/SpaceShipPack/Textures/Pixel Make Voyager/06_BoosterPlug/06_BoosterPlug_Normal.png
  artifactKey: Guid(8b9ce78604075284cb3d520de6e1a379) Importer(815301076,1909f56bfc062723c751e8b465ee728b)
Start importing Assets/Asset packs/SpaceShipPack/Textures/Pixel Make Voyager/06_BoosterPlug/06_BoosterPlug_Normal.png using Guid(8b9ce78604075284cb3d520de6e1a379) Importer(815301076,1909f56bfc062723c751e8b465ee728b)  -> (artifact id: 'f2b0d36ea69120dca55f2fd94313d086') in 0.026514 seconds
  Import took 0.029016 seconds .

========================================================================
Received Import Request.
  Time since last request: 0.000200 seconds.
  path: Assets/Asset packs/SpaceShipPack/Textures/Pixel Make Voyager/07_Booster/07_Booster_Emission.png
  artifactKey: Guid(d61af9365abb9e94fb11fe91ce5131c0) Importer(815301076,1909f56bfc062723c751e8b465ee728b)
Start importing Assets/Asset packs/SpaceShipPack/Textures/Pixel Make Voyager/07_Booster/07_Booster_Emission.png using Guid(d61af9365abb9e94fb11fe91ce5131c0) Importer(815301076,1909f56bfc062723c751e8b465ee728b)  -> (artifact id: 'bf2cc33acad3f7d359087a89e1dba0ca') in 0.018040 seconds
  Import took 0.020381 seconds .

========================================================================
Received Import Request.
  Time since last request: 0.000208 seconds.
  path: Assets/Asset packs/SpaceShipPack/Textures/Pixel Make Voyager/07_Booster/07_Booster_Normal.png
  artifactKey: Guid(270f16b8a18211e45967aaa228b32f18) Importer(815301076,1909f56bfc062723c751e8b465ee728b)
Start importing Assets/Asset packs/SpaceShipPack/Textures/Pixel Make Voyager/07_Booster/07_Booster_Normal.png using Guid(270f16b8a18211e45967aaa228b32f18) Importer(815301076,1909f56bfc062723c751e8b465ee728b)  -> (artifact id: '2db7edc8abcbae8ee66b0bf5596655a9') in 0.025879 seconds
  Import took 0.027982 seconds .

========================================================================
Received Import Request.
  Time since last request: 0.000203 seconds.
  path: Assets/Asset packs/SpaceShipPack/Textures/Pixel Make Voyager/08_Gun/08_Gun_Normal.png
  artifactKey: Guid(6520c40d97b9598429bf9eaaf96f20d4) Importer(815301076,1909f56bfc062723c751e8b465ee728b)
Start importing Assets/Asset packs/SpaceShipPack/Textures/Pixel Make Voyager/08_Gun/08_Gun_Normal.png using Guid(6520c40d97b9598429bf9eaaf96f20d4) Importer(815301076,1909f56bfc062723c751e8b465ee728b)  -> (artifact id: '6439cbbb2b5b246e57f362ac0d8cd055') in 0.024701 seconds
  Import took 0.026484 seconds .

========================================================================
Received Import Request.
  Time since last request: 0.000261 seconds.
  path: Assets/Asset packs/SpaceShipPack/Textures/Pixel Make Voyager/06_BoosterPlug/06_BoosterPlug_Specular.png
  artifactKey: Guid(82e21afd40e8cfc4da98073923333874) Importer(815301076,1909f56bfc062723c751e8b465ee728b)
Start importing Assets/Asset packs/SpaceShipPack/Textures/Pixel Make Voyager/06_BoosterPlug/06_BoosterPlug_Specular.png using Guid(82e21afd40e8cfc4da98073923333874) Importer(815301076,1909f56bfc062723c751e8b465ee728b)  -> (artifact id: '897d089fe3211368628f5483c0fc674a') in 0.026110 seconds
  Import took 0.028457 seconds .

========================================================================
Received Import Request.
  Time since last request: 0.000191 seconds.
  path: Assets/Asset packs/SpaceShipPack/Textures/Pixel Make Voyager/08_Gun/08_Gun_Albedo.png
  artifactKey: Guid(151102cf7ed4002418845b06c54e2c69) Importer(815301076,1909f56bfc062723c751e8b465ee728b)
Start importing Assets/Asset packs/SpaceShipPack/Textures/Pixel Make Voyager/08_Gun/08_Gun_Albedo.png using Guid(151102cf7ed4002418845b06c54e2c69) Importer(815301076,1909f56bfc062723c751e8b465ee728b)  -> (artifact id: '7007471ae301f518c69dd005106a5bfb') in 0.018255 seconds
  Import took 0.020920 seconds .

========================================================================
Received Import Request.
  Time since last request: 0.000239 seconds.
  path: Assets/Asset packs/SpaceShipPack/Textures/Pixel Make Voyager/08_Gun/08_Gun_Specular.png
  artifactKey: Guid(e7e1c838e6ea7734593896c769b2e4a3) Importer(815301076,1909f56bfc062723c751e8b465ee728b)
Start importing Assets/Asset packs/SpaceShipPack/Textures/Pixel Make Voyager/08_Gun/08_Gun_Specular.png using Guid(e7e1c838e6ea7734593896c769b2e4a3) Importer(815301076,1909f56bfc062723c751e8b465ee728b)  -> (artifact id: 'ab088227a883d3fc64ae3591833435bc') in 0.024763 seconds
  Import took 0.027029 seconds .

========================================================================
Received Import Request.
  Time since last request: 0.000183 seconds.
  path: Assets/Asset packs/DiverseSpace/Textures/diversespace-down.tif
  artifactKey: Guid(fa631bed8c5ce2043816f9b7e09bc255) Importer(815301076,1909f56bfc062723c751e8b465ee728b)
Start importing Assets/Asset packs/DiverseSpace/Textures/diversespace-down.tif using Guid(fa631bed8c5ce2043816f9b7e09bc255) Importer(815301076,1909f56bfc062723c751e8b465ee728b)  -> (artifact id: '29d217d9f8486ed1cf928d39850710b1') in 0.025413 seconds
  Import took 0.027903 seconds .

========================================================================
Received Import Request.
  Time since last request: 0.000197 seconds.
  path: Assets/Asset packs/DiverseSpace/Textures/diversespace-back.tif
  artifactKey: Guid(5aaf7cd74552c9440b96748a185216d0) Importer(815301076,1909f56bfc062723c751e8b465ee728b)
Start importing Assets/Asset packs/DiverseSpace/Textures/diversespace-back.tif using Guid(5aaf7cd74552c9440b96748a185216d0) Importer(815301076,1909f56bfc062723c751e8b465ee728b)  -> (artifact id: '86bc9eeb1c54ad9dac1a5b22ab2f9e45') in 0.018510 seconds
  Import took 0.020461 seconds .

========================================================================
Received Import Request.
  Time since last request: 0.000195 seconds.
  path: Assets/Asset packs/DiverseSpace/Textures/diversespace-left.tif
  artifactKey: Guid(608a51bfce29a174aa86b692c9ff38b3) Importer(815301076,1909f56bfc062723c751e8b465ee728b)
Start importing Assets/Asset packs/DiverseSpace/Textures/diversespace-left.tif using Guid(608a51bfce29a174aa86b692c9ff38b3) Importer(815301076,1909f56bfc062723c751e8b465ee728b)  -> (artifact id: '92e1b30fa3795a6f071c9dcf24f16c91') in 0.019648 seconds
  Import took 0.022086 seconds .

========================================================================
Received Import Request.
  Time since last request: 0.000210 seconds.
  path: Assets/Asset packs/DiverseSpace/Textures/diversespace-right.tif
  artifactKey: Guid(b83ed05e17bb80a4d960bfc607d24c45) Importer(815301076,1909f56bfc062723c751e8b465ee728b)
Start importing Assets/Asset packs/DiverseSpace/Textures/diversespace-right.tif using Guid(b83ed05e17bb80a4d960bfc607d24c45) Importer(815301076,1909f56bfc062723c751e8b465ee728b)  -> (artifact id: 'b9235fea104973c2aca05d99dd5f86cb') in 0.019466 seconds
  Import took 0.022138 seconds .

========================================================================
Received Import Request.
  Time since last request: 0.000183 seconds.
  path: Assets/Asset packs/Asteroids Pack/Assets/Textures/Skybox/bottom.png
  artifactKey: Guid(de56ef5fec2b4be4f83a4b0d1a9ab8a6) Importer(815301076,1909f56bfc062723c751e8b465ee728b)
Start importing Assets/Asset packs/Asteroids Pack/Assets/Textures/Skybox/bottom.png using Guid(de56ef5fec2b4be4f83a4b0d1a9ab8a6) Importer(815301076,1909f56bfc062723c751e8b465ee728b)  -> (artifact id: 'a5ae1db8ab6e2a8ea96c9a04de3588e2') in 0.018284 seconds
  Import took 0.020250 seconds .

========================================================================
Received Import Request.
  Time since last request: 0.000201 seconds.
  path: Assets/Asset packs/DiverseSpace/Textures/diversespace-front.tif
  artifactKey: Guid(52915f992843f8247b7efd2a65b1b998) Importer(815301076,1909f56bfc062723c751e8b465ee728b)
Start importing Assets/Asset packs/DiverseSpace/Textures/diversespace-front.tif using Guid(52915f992843f8247b7efd2a65b1b998) Importer(815301076,1909f56bfc062723c751e8b465ee728b)  -> (artifact id: '2cdd4a84231ddf9fbbeb534b4182b29c') in 0.019175 seconds
  Import took 0.021272 seconds .

========================================================================
Received Import Request.
  Time since last request: 0.000184 seconds.
  path: Assets/Asset packs/SpaceShipPack/Textures/Pixel Make Voyager/07_Booster/07_Booster_Albedo.png
  artifactKey: Guid(92c1d8fa2451cb945b1ea921c267418e) Importer(815301076,1909f56bfc062723c751e8b465ee728b)
Start importing Assets/Asset packs/SpaceShipPack/Textures/Pixel Make Voyager/07_Booster/07_Booster_Albedo.png using Guid(92c1d8fa2451cb945b1ea921c267418e) Importer(815301076,1909f56bfc062723c751e8b465ee728b)  -> (artifact id: 'a8445ab463aa93b251dd2db1069a42ef') in 0.017325 seconds
  Import took 0.019564 seconds .

========================================================================
Received Import Request.
  Time since last request: 0.000229 seconds.
  path: Assets/Asset packs/SpaceShipPack/Textures/Pixel Make Voyager/08_Gun/08_Gun_Emission.png
  artifactKey: Guid(232e185553a79b449a6439000779d6fc) Importer(815301076,1909f56bfc062723c751e8b465ee728b)
Start importing Assets/Asset packs/SpaceShipPack/Textures/Pixel Make Voyager/08_Gun/08_Gun_Emission.png using Guid(232e185553a79b449a6439000779d6fc) Importer(815301076,1909f56bfc062723c751e8b465ee728b)  -> (artifact id: 'a0c05ec30da8647e7bdc4777bd2ae1e4') in 0.018601 seconds
  Import took 0.020457 seconds .

========================================================================
Received Import Request.
  Time since last request: 0.000186 seconds.
  path: Assets/Asset packs/Asteroids Pack/Assets/Textures/Skybox/back.png
  artifactKey: Guid(86ba6f1a957a1f14ab74563316f96337) Importer(815301076,1909f56bfc062723c751e8b465ee728b)
Start importing Assets/Asset packs/Asteroids Pack/Assets/Textures/Skybox/back.png using Guid(86ba6f1a957a1f14ab74563316f96337) Importer(815301076,1909f56bfc062723c751e8b465ee728b)  -> (artifact id: 'a7fd676ff35d1e69c2c9849510311066') in 0.020384 seconds
  Import took 0.022425 seconds .

========================================================================
Received Import Request.
  Time since last request: 0.000182 seconds.
  path: Assets/Asset packs/SpaceShipPack/Textures/Pixel Make Voyager/07_Booster/07_Booster_Specular.png
  artifactKey: Guid(313ac4f357d209d478b17cf66519b6b0) Importer(815301076,1909f56bfc062723c751e8b465ee728b)
Start importing Assets/Asset packs/SpaceShipPack/Textures/Pixel Make Voyager/07_Booster/07_Booster_Specular.png using Guid(313ac4f357d209d478b17cf66519b6b0) Importer(815301076,1909f56bfc062723c751e8b465ee728b)  -> (artifact id: '0049de9b5d6acc867ed46dc3153c4b5d') in 0.025149 seconds
  Import took 0.027300 seconds .

========================================================================
Received Import Request.
  Time since last request: 0.402967 seconds.
  path: Assets/Asset packs/DiverseSpace/Textures/diversespace-up.tif
  artifactKey: Guid(bccfe129d6c46dd42a2332a24a0ea3cc) Importer(815301076,1909f56bfc062723c751e8b465ee728b)
Start importing Assets/Asset packs/DiverseSpace/Textures/diversespace-up.tif using Guid(bccfe129d6c46dd42a2332a24a0ea3cc) Importer(815301076,1909f56bfc062723c751e8b465ee728b)  -> (artifact id: '14c2a966e87e2070d590ed6d67aa8e12') in 0.021110 seconds
  Import took 0.024472 seconds .

========================================================================
Received Import Request.
  Time since last request: 0.000194 seconds.
  path: Assets/Asset packs/Planet Earth Free/Materials/Earth1kTexture.png
  artifactKey: Guid(bfe0b7cbdb6e54a4fb69c7f5b8fbcf81) Importer(815301076,1909f56bfc062723c751e8b465ee728b)
Start importing Assets/Asset packs/Planet Earth Free/Materials/Earth1kTexture.png using Guid(bfe0b7cbdb6e54a4fb69c7f5b8fbcf81) Importer(815301076,1909f56bfc062723c751e8b465ee728b)  -> (artifact id: '2ef069d92856c02f77eeb08af911147d') in 0.015654 seconds
  Import took 0.017982 seconds .

========================================================================
Received Import Request.
  Time since last request: 0.000221 seconds.
  path: Assets/Asset packs/Planet Earth Free/Materials/Earth1kNormal.png
  artifactKey: Guid(b9bde0ce2b53f2144852ee95519c5736) Importer(815301076,1909f56bfc062723c751e8b465ee728b)
Start importing Assets/Asset packs/Planet Earth Free/Materials/Earth1kNormal.png using Guid(b9bde0ce2b53f2144852ee95519c5736) Importer(815301076,1909f56bfc062723c751e8b465ee728b)  -> (artifact id: '9404723d3265d872424f7882e31f1a92') in 0.013963 seconds
  Import took 0.016290 seconds .

========================================================================
Received Import Request.
  Time since last request: 0.025256 seconds.
  path: Assets/Asset packs/Planet Earth Free/Materials/Earth2kNormal.png
  artifactKey: Guid(47baf10b56ae76347bd195f23c04002a) Importer(815301076,1909f56bfc062723c751e8b465ee728b)
Start importing Assets/Asset packs/Planet Earth Free/Materials/Earth2kNormal.png using Guid(47baf10b56ae76347bd195f23c04002a) Importer(815301076,1909f56bfc062723c751e8b465ee728b)  -> (artifact id: '05830f4a6982a5585f008adc4045cf69') in 0.016993 seconds
  Import took 0.019237 seconds .

========================================================================
Received Import Request.
  Time since last request: 0.000249 seconds.
  path: Assets/Asset packs/Planet Earth Free/Materials/Earth2kTexture.png
  artifactKey: Guid(19dcdc22008309643a435bfa15affdb9) Importer(815301076,1909f56bfc062723c751e8b465ee728b)
Start importing Assets/Asset packs/Planet Earth Free/Materials/Earth2kTexture.png using Guid(19dcdc22008309643a435bfa15affdb9) Importer(815301076,1909f56bfc062723c751e8b465ee728b)  -> (artifact id: 'f2623043e557717534cdc11f8db034c5') in 0.015956 seconds
  Import took 0.018203 seconds .

========================================================================
Received Import Request.
  Time since last request: 0.000217 seconds.
  path: Assets/Asset packs/Planet Earth Free/Materials/Earth4kNormal.png
  artifactKey: Guid(3d650b2b67d9b1341861a4fd90c20b97) Importer(815301076,1909f56bfc062723c751e8b465ee728b)
Start importing Assets/Asset packs/Planet Earth Free/Materials/Earth4kNormal.png using Guid(3d650b2b67d9b1341861a4fd90c20b97) Importer(815301076,1909f56bfc062723c751e8b465ee728b)  -> (artifact id: '4cf13bab7df0a08b61fe6e8fcef0b4ad') in 0.047398 seconds
  Import took 0.050088 seconds .

========================================================================
Received Import Request.
  Time since last request: 0.000224 seconds.
  path: Assets/Asset packs/Asteroids Pack/Assets/Textures/Skybox/left.png
  artifactKey: Guid(18d017ccac3aee84189fd958c59b6a34) Importer(815301076,1909f56bfc062723c751e8b465ee728b)
Start importing Assets/Asset packs/Asteroids Pack/Assets/Textures/Skybox/left.png using Guid(18d017ccac3aee84189fd958c59b6a34) Importer(815301076,1909f56bfc062723c751e8b465ee728b)  -> (artifact id: 'c97ce7f291c2681651b0f9c4581f99f3') in 0.019657 seconds
  Import took 0.021491 seconds .

========================================================================
Received Import Request.
  Time since last request: 0.000214 seconds.
  path: Assets/Asset packs/Asteroids Pack/Assets/Textures/Skybox/front.png
  artifactKey: Guid(9de045fbc0475c3448a6fe432953d07d) Importer(815301076,1909f56bfc062723c751e8b465ee728b)
Start importing Assets/Asset packs/Asteroids Pack/Assets/Textures/Skybox/front.png using Guid(9de045fbc0475c3448a6fe432953d07d) Importer(815301076,1909f56bfc062723c751e8b465ee728b)  -> (artifact id: '6315a26a4e14ca3a263c3245294ac675') in 0.020864 seconds
  Import took 0.023339 seconds .

========================================================================
Received Import Request.
  Time since last request: 0.000205 seconds.
  path: Assets/Asset packs/Planet Earth Free/Materials/Earth4kTexture.png
  artifactKey: Guid(29bd4cac4de86cb41af713a0b6498511) Importer(815301076,1909f56bfc062723c751e8b465ee728b)
Start importing Assets/Asset packs/Planet Earth Free/Materials/Earth4kTexture.png using Guid(29bd4cac4de86cb41af713a0b6498511) Importer(815301076,1909f56bfc062723c751e8b465ee728b)  -> (artifact id: 'ea09aa70e6daf6795512f03403b2e68a') in 0.015510 seconds
  Import took 0.017559 seconds .

========================================================================
Received Import Request.
  Time since last request: 2.584824 seconds.
  path: Assets/Asset packs/Asteroids Pack/Assets/Textures/Skybox/right.png
  artifactKey: Guid(ff9f56d5c7e719e48842487193e7664a) Importer(815301076,1909f56bfc062723c751e8b465ee728b)
Start importing Assets/Asset packs/Asteroids Pack/Assets/Textures/Skybox/right.png using Guid(ff9f56d5c7e719e48842487193e7664a) Importer(815301076,1909f56bfc062723c751e8b465ee728b)  -> (artifact id: '5330f2ad635cd6c3e7a176d25dd81c71') in 0.018908 seconds
  Import took 0.021866 seconds .

========================================================================
Received Import Request.
  Time since last request: 0.000237 seconds.
  path: Assets/Asset packs/Asteroids Pack/Assets/Textures/seamless_rock_texture_detail.jpg
  artifactKey: Guid(12c40864f9ef9974592868faef1d76c5) Importer(815301076,1909f56bfc062723c751e8b465ee728b)
Start importing Assets/Asset packs/Asteroids Pack/Assets/Textures/seamless_rock_texture_detail.jpg using Guid(12c40864f9ef9974592868faef1d76c5) Importer(815301076,1909f56bfc062723c751e8b465ee728b)  -> (artifact id: '775a80ee0b73639f902f3a0be5227965') in 0.018573 seconds
  Import took 0.021098 seconds .

========================================================================
Received Import Request.
  Time since last request: 0.000188 seconds.
  path: Assets/Asset packs/Asteroids Pack/Assets/Textures/seamless_rock_texture.jpg
  artifactKey: Guid(ddce39766e2a9ce48a69c914a4a29487) Importer(815301076,1909f56bfc062723c751e8b465ee728b)
Start importing Assets/Asset packs/Asteroids Pack/Assets/Textures/seamless_rock_texture.jpg using Guid(ddce39766e2a9ce48a69c914a4a29487) Importer(815301076,1909f56bfc062723c751e8b465ee728b)  -> (artifact id: '2660be1aa8a81318fec6b0a83778f8da') in 0.013352 seconds
  Import took 0.015818 seconds .

========================================================================
Received Import Request.
  Time since last request: 0.000179 seconds.
  path: Assets/Asset packs/Planet Earth Free/Materials/StarsTexture.png
  artifactKey: Guid(a36530de48f48214e8decf4cc52eeb9b) Importer(815301076,1909f56bfc062723c751e8b465ee728b)
Start importing Assets/Asset packs/Planet Earth Free/Materials/StarsTexture.png using Guid(a36530de48f48214e8decf4cc52eeb9b) Importer(815301076,1909f56bfc062723c751e8b465ee728b)  -> (artifact id: '1a6ca20630f4e9d0d04adcd59d42a5f1') in 0.014354 seconds
  Import took 0.016170 seconds .

========================================================================
Received Import Request.
  Time since last request: 0.000200 seconds.
  path: Assets/Asset packs/Asteroids Pack/Assets/Textures/Skybox/up.png
  artifactKey: Guid(6c12920c31f26f64bb7cbf6e3f95d212) Importer(815301076,1909f56bfc062723c751e8b465ee728b)
Start importing Assets/Asset packs/Asteroids Pack/Assets/Textures/Skybox/up.png using Guid(6c12920c31f26f64bb7cbf6e3f95d212) Importer(815301076,1909f56bfc062723c751e8b465ee728b)  -> (artifact id: '0d74a3106d412e1a488d2345cef83a1a') in 0.020709 seconds
  Import took 0.022922 seconds .

========================================================================
Received Import Request.
  Time since last request: 0.000215 seconds.
  path: Assets/Asset packs/Planet Earth Free/Materials/StarsTexture.png
  artifactKey: Guid(a36530de48f48214e8decf4cc52eeb9b) Importer(815301076,1909f56bfc062723c751e8b465ee728b)
Start importing Assets/Asset packs/Planet Earth Free/Materials/StarsTexture.png using Guid(a36530de48f48214e8decf4cc52eeb9b) Importer(815301076,1909f56bfc062723c751e8b465ee728b)  -> (artifact id: '1a6ca20630f4e9d0d04adcd59d42a5f1') in 0.007398 seconds
  Import took 0.009679 seconds .

========================================================================
Received Import Request.
  Time since last request: 0.003339 seconds.
  path: Assets/Asset packs/Asteroids Pack/Assets/Textures/Skybox/up.png
  artifactKey: Guid(6c12920c31f26f64bb7cbf6e3f95d212) Importer(815301076,1909f56bfc062723c751e8b465ee728b)
Start importing Assets/Asset packs/Asteroids Pack/Assets/Textures/Skybox/up.png using Guid(6c12920c31f26f64bb7cbf6e3f95d212) Importer(815301076,1909f56bfc062723c751e8b465ee728b)  -> (artifact id: '0d74a3106d412e1a488d2345cef83a1a') in 0.012215 seconds
  Import took 0.014460 seconds .

========================================================================
Received Prepare
Registering precompiled user dll's ...
Registered in 0.000944 seconds.
Begin MonoManager ReloadAssembly
Native extension for WindowsStandalone target not found
Native extension for WebGL target not found
Refreshing native plugins compatible for Editor in 0.22 ms, found 0 plugins.
Preloading 0 native plugins for Editor in 0.00 ms.
Invoked RoslynAnalysisRunner static constructor.
RoslynAnalysisRunner will not be running.
RoslynAnalysisRunner has terminated.
Mono: successfully reloaded assembly
- Completed reload, in  0.845 seconds
Platform modules already initialized, skipping
Refreshing native plugins compatible for Editor in 0.24 ms, found 0 plugins.
Preloading 0 native plugins for Editor in 0.00 ms.
Unloading 1155 Unused Serialized files (Serialized files now loaded: 0)
System memory in use before: 83.5 MB.
System memory in use after: 83.6 MB.

Unloading 5 unused Assets to reduce memory usage. Loaded Objects now: 1686.
Total: 1.832100 ms (FindLiveObjects: 0.169700 ms CreateObjectMapping: 0.033200 ms MarkObjects: 1.541000 ms  DeleteObjects: 0.087100 ms)

========================================================================
Received Prepare
Registering precompiled user dll's ...
Registered in 0.000819 seconds.
Begin MonoManager ReloadAssembly
Native extension for WindowsStandalone target not found
Native extension for WebGL target not found
Refreshing native plugins compatible for Editor in 0.23 ms, found 0 plugins.
Preloading 0 native plugins for Editor in 0.00 ms.
Invoked RoslynAnalysisRunner static constructor.
RoslynAnalysisRunner will not be running.
RoslynAnalysisRunner has terminated.
Mono: successfully reloaded assembly
- Completed reload, in  0.861 seconds
Platform modules already initialized, skipping
Refreshing native plugins compatible for Editor in 0.22 ms, found 0 plugins.
Preloading 0 native plugins for Editor in 0.00 ms.
Unloading 1155 Unused Serialized files (Serialized files now loaded: 0)
System memory in use before: 83.5 MB.
System memory in use after: 83.6 MB.

Unloading 5 unused Assets to reduce memory usage. Loaded Objects now: 1689.
Total: 2.012700 ms (FindLiveObjects: 0.280800 ms CreateObjectMapping: 0.059100 ms MarkObjects: 1.579300 ms  DeleteObjects: 0.092600 ms)

========================================================================
Received Import Request.
  Time since last request: 1426.627182 seconds.
  path: Assets/Prefabs/Asteroids/Asteroid 2.prefab
  artifactKey: Guid(6404217251453cd4f92a4dc148ef10f7) Importer(815301076,1909f56bfc062723c751e8b465ee728b)
Start importing Assets/Prefabs/Asteroids/Asteroid 2.prefab using Guid(6404217251453cd4f92a4dc148ef10f7) Importer(815301076,1909f56bfc062723c751e8b465ee728b)  -> (artifact id: '998d6c274c1929c6e7194fd1817ac977') in 0.112620 seconds
  Import took 0.119263 seconds .

========================================================================
Received Prepare
Registering precompiled user dll's ...
Registered in 0.000883 seconds.
Begin MonoManager ReloadAssembly
Native extension for WindowsStandalone target not found
Native extension for WebGL target not found
Refreshing native plugins compatible for Editor in 0.23 ms, found 0 plugins.
Preloading 0 native plugins for Editor in 0.00 ms.
Invoked RoslynAnalysisRunner static constructor.
RoslynAnalysisRunner will not be running.
RoslynAnalysisRunner has terminated.
Mono: successfully reloaded assembly
- Completed reload, in  0.856 seconds
Platform modules already initialized, skipping
Refreshing native plugins compatible for Editor in 0.22 ms, found 0 plugins.
Preloading 0 native plugins for Editor in 0.00 ms.
Unloading 1155 Unused Serialized files (Serialized files now loaded: 0)
System memory in use before: 83.6 MB.
System memory in use after: 83.6 MB.

Unloading 5 unused Assets to reduce memory usage. Loaded Objects now: 1693.
Total: 1.736200 ms (FindLiveObjects: 0.158000 ms CreateObjectMapping: 0.030000 ms MarkObjects: 1.469000 ms  DeleteObjects: 0.078400 ms)

========================================================================
Received Prepare
Registering precompiled user dll's ...
Registered in 0.000835 seconds.
Begin MonoManager ReloadAssembly
Native extension for WindowsStandalone target not found
Native extension for WebGL target not found
Refreshing native plugins compatible for Editor in 0.22 ms, found 0 plugins.
Preloading 0 native plugins for Editor in 0.00 ms.
Invoked RoslynAnalysisRunner static constructor.
RoslynAnalysisRunner will not be running.
RoslynAnalysisRunner has terminated.
Mono: successfully reloaded assembly
- Completed reload, in  0.858 seconds
Platform modules already initialized, skipping
Refreshing native plugins compatible for Editor in 0.23 ms, found 0 plugins.
Preloading 0 native plugins for Editor in 0.00 ms.
Unloading 1155 Unused Serialized files (Serialized files now loaded: 0)
System memory in use before: 83.6 MB.
System memory in use after: 83.6 MB.

Unloading 5 unused Assets to reduce memory usage. Loaded Objects now: 1696.
Total: 1.815500 ms (FindLiveObjects: 0.151800 ms CreateObjectMapping: 0.029300 ms MarkObjects: 1.545100 ms  DeleteObjects: 0.088400 ms)

========================================================================
Received Prepare
Registering precompiled user dll's ...
Registered in 0.000766 seconds.
Begin MonoManager ReloadAssembly
Native extension for WindowsStandalone target not found
Native extension for WebGL target not found
Refreshing native plugins compatible for Editor in 0.21 ms, found 0 plugins.
Preloading 0 native plugins for Editor in 0.00 ms.
Invoked RoslynAnalysisRunner static constructor.
RoslynAnalysisRunner will not be running.
RoslynAnalysisRunner has terminated.
Mono: successfully reloaded assembly
- Completed reload, in  0.830 seconds
Platform modules already initialized, skipping
Refreshing native plugins compatible for Editor in 0.21 ms, found 0 plugins.
Preloading 0 native plugins for Editor in 0.00 ms.
Unloading 1155 Unused Serialized files (Serialized files now loaded: 0)
System memory in use before: 83.6 MB.
System memory in use after: 83.7 MB.

Unloading 5 unused Assets to reduce memory usage. Loaded Objects now: 1699.
Total: 1.850800 ms (FindLiveObjects: 0.154000 ms CreateObjectMapping: 0.030000 ms MarkObjects: 1.577300 ms  DeleteObjects: 0.088500 ms)

========================================================================
Received Prepare
Registering precompiled user dll's ...
Registered in 0.000788 seconds.
Begin MonoManager ReloadAssembly
Native extension for WindowsStandalone target not found
Native extension for WebGL target not found
Refreshing native plugins compatible for Editor in 0.22 ms, found 0 plugins.
Preloading 0 native plugins for Editor in 0.00 ms.
Invoked RoslynAnalysisRunner static constructor.
RoslynAnalysisRunner will not be running.
RoslynAnalysisRunner has terminated.
Mono: successfully reloaded assembly
- Completed reload, in  0.820 seconds
Platform modules already initialized, skipping
Refreshing native plugins compatible for Editor in 0.23 ms, found 0 plugins.
Preloading 0 native plugins for Editor in 0.00 ms.
Unloading 1155 Unused Serialized files (Serialized files now loaded: 0)
System memory in use before: 83.6 MB.
System memory in use after: 83.7 MB.

Unloading 5 unused Assets to reduce memory usage. Loaded Objects now: 1702.
Total: 1.770200 ms (FindLiveObjects: 0.192900 ms CreateObjectMapping: 0.030300 ms MarkObjects: 1.461500 ms  DeleteObjects: 0.083800 ms)

========================================================================
Received Prepare
Registering precompiled user dll's ...
Registered in 0.000788 seconds.
Begin MonoManager ReloadAssembly
Native extension for WindowsStandalone target not found
Native extension for WebGL target not found
Refreshing native plugins compatible for Editor in 0.24 ms, found 0 plugins.
Preloading 0 native plugins for Editor in 0.00 ms.
Invoked RoslynAnalysisRunner static constructor.
RoslynAnalysisRunner will not be running.
RoslynAnalysisRunner has terminated.
Mono: successfully reloaded assembly
- Completed reload, in  0.851 seconds
Platform modules already initialized, skipping
Refreshing native plugins compatible for Editor in 0.22 ms, found 0 plugins.
Preloading 0 native plugins for Editor in 0.00 ms.
Unloading 1155 Unused Serialized files (Serialized files now loaded: 0)
System memory in use before: 83.6 MB.
System memory in use after: 83.7 MB.

Unloading 5 unused Assets to reduce memory usage. Loaded Objects now: 1705.
Total: 1.956700 ms (FindLiveObjects: 0.177700 ms CreateObjectMapping: 0.029600 ms MarkObjects: 1.649200 ms  DeleteObjects: 0.098900 ms)

========================================================================
Received Prepare
Registering precompiled user dll's ...
Registered in 0.000825 seconds.
Begin MonoManager ReloadAssembly
Native extension for WindowsStandalone target not found
Native extension for WebGL target not found
Refreshing native plugins compatible for Editor in 0.29 ms, found 0 plugins.
Preloading 0 native plugins for Editor in 0.00 ms.
Invoked RoslynAnalysisRunner static constructor.
RoslynAnalysisRunner will not be running.
RoslynAnalysisRunner has terminated.
Mono: successfully reloaded assembly
- Completed reload, in  0.874 seconds
Platform modules already initialized, skipping
Refreshing native plugins compatible for Editor in 0.22 ms, found 0 plugins.
Preloading 0 native plugins for Editor in 0.00 ms.
Unloading 1155 Unused Serialized files (Serialized files now loaded: 0)
System memory in use before: 83.6 MB.
System memory in use after: 83.7 MB.

Unloading 5 unused Assets to reduce memory usage. Loaded Objects now: 1708.
Total: 1.811700 ms (FindLiveObjects: 0.197300 ms CreateObjectMapping: 0.030300 ms MarkObjects: 1.501800 ms  DeleteObjects: 0.081300 ms)

========================================================================
Received Prepare
Registering precompiled user dll's ...
Registered in 0.000937 seconds.
Begin MonoManager ReloadAssembly
Native extension for WindowsStandalone target not found
Native extension for WebGL target not found
Refreshing native plugins compatible for Editor in 0.37 ms, found 0 plugins.
Preloading 0 native plugins for Editor in 0.00 ms.
Invoked RoslynAnalysisRunner static constructor.
RoslynAnalysisRunner will not be running.
RoslynAnalysisRunner has terminated.
Mono: successfully reloaded assembly
- Completed reload, in  1.206 seconds
Platform modules already initialized, skipping
Refreshing native plugins compatible for Editor in 0.23 ms, found 0 plugins.
Preloading 0 native plugins for Editor in 0.00 ms.
Unloading 1155 Unused Serialized files (Serialized files now loaded: 0)
System memory in use before: 83.6 MB.
System memory in use after: 83.7 MB.

Unloading 5 unused Assets to reduce memory usage. Loaded Objects now: 1711.
Total: 2.757800 ms (FindLiveObjects: 0.228900 ms CreateObjectMapping: 0.032400 ms MarkObjects: 2.381600 ms  DeleteObjects: 0.113500 ms)

========================================================================
Received Prepare
Registering precompiled user dll's ...
Registered in 0.001135 seconds.
Begin MonoManager ReloadAssembly
Native extension for WindowsStandalone target not found
Native extension for WebGL target not found
Refreshing native plugins compatible for Editor in 0.53 ms, found 0 plugins.
Preloading 0 native plugins for Editor in 0.00 ms.
Invoked RoslynAnalysisRunner static constructor.
RoslynAnalysisRunner will not be running.
RoslynAnalysisRunner has terminated.
Mono: successfully reloaded assembly
- Completed reload, in  1.178 seconds
Platform modules already initialized, skipping
Refreshing native plugins compatible for Editor in 0.30 ms, found 0 plugins.
Preloading 0 native plugins for Editor in 0.00 ms.
Unloading 1155 Unused Serialized files (Serialized files now loaded: 0)
System memory in use before: 83.6 MB.
System memory in use after: 83.7 MB.

Unloading 5 unused Assets to reduce memory usage. Loaded Objects now: 1714.
Total: 3.191200 ms (FindLiveObjects: 0.214400 ms CreateObjectMapping: 0.030600 ms MarkObjects: 2.799400 ms  DeleteObjects: 0.144700 ms)

========================================================================
Received Prepare
Registering precompiled user dll's ...
Registered in 0.000941 seconds.
Begin MonoManager ReloadAssembly
Native extension for WindowsStandalone target not found
Native extension for WebGL target not found
Refreshing native plugins compatible for Editor in 0.30 ms, found 0 plugins.
Preloading 0 native plugins for Editor in 0.00 ms.
Invoked RoslynAnalysisRunner static constructor.
RoslynAnalysisRunner will not be running.
RoslynAnalysisRunner has terminated.
Mono: successfully reloaded assembly
- Completed reload, in  1.090 seconds
Platform modules already initialized, skipping
Refreshing native plugins compatible for Editor in 0.36 ms, found 0 plugins.
Preloading 0 native plugins for Editor in 0.00 ms.
Unloading 1155 Unused Serialized files (Serialized files now loaded: 0)
System memory in use before: 83.6 MB.
System memory in use after: 83.7 MB.

Unloading 5 unused Assets to reduce memory usage. Loaded Objects now: 1717.
Total: 3.137800 ms (FindLiveObjects: 0.308100 ms CreateObjectMapping: 0.066000 ms MarkObjects: 2.635100 ms  DeleteObjects: 0.126400 ms)

========================================================================
Received Prepare
Registering precompiled user dll's ...
Registered in 0.000946 seconds.
Begin MonoManager ReloadAssembly
Native extension for WindowsStandalone target not found
Native extension for WebGL target not found
Refreshing native plugins compatible for Editor in 0.30 ms, found 0 plugins.
Preloading 0 native plugins for Editor in 0.00 ms.
Invoked RoslynAnalysisRunner static constructor.
RoslynAnalysisRunner will not be running.
RoslynAnalysisRunner has terminated.
Mono: successfully reloaded assembly
- Completed reload, in  0.950 seconds
Platform modules already initialized, skipping
Refreshing native plugins compatible for Editor in 0.30 ms, found 0 plugins.
Preloading 0 native plugins for Editor in 0.00 ms.
Unloading 1155 Unused Serialized files (Serialized files now loaded: 0)
System memory in use before: 83.6 MB.
System memory in use after: 83.7 MB.

Unloading 5 unused Assets to reduce memory usage. Loaded Objects now: 1720.
Total: 1.738400 ms (FindLiveObjects: 0.161800 ms CreateObjectMapping: 0.029400 ms MarkObjects: 1.462700 ms  DeleteObjects: 0.083200 ms)

========================================================================
Received Prepare
Registering precompiled user dll's ...
Registered in 0.001106 seconds.
Begin MonoManager ReloadAssembly
Native extension for WindowsStandalone target not found
Native extension for WebGL target not found
Refreshing native plugins compatible for Editor in 0.25 ms, found 0 plugins.
Preloading 0 native plugins for Editor in 0.00 ms.
Invoked RoslynAnalysisRunner static constructor.
RoslynAnalysisRunner will not be running.
RoslynAnalysisRunner has terminated.
Mono: successfully reloaded assembly
- Completed reload, in  1.058 seconds
Platform modules already initialized, skipping
Refreshing native plugins compatible for Editor in 0.22 ms, found 0 plugins.
Preloading 0 native plugins for Editor in 0.00 ms.
Unloading 1155 Unused Serialized files (Serialized files now loaded: 0)
System memory in use before: 83.6 MB.
System memory in use after: 83.7 MB.

Unloading 5 unused Assets to reduce memory usage. Loaded Objects now: 1723.
Total: 2.211000 ms (FindLiveObjects: 0.189800 ms CreateObjectMapping: 0.030300 ms MarkObjects: 1.887200 ms  DeleteObjects: 0.102500 ms)

========================================================================
Received Prepare
Registering precompiled user dll's ...
Registered in 0.000931 seconds.
Begin MonoManager ReloadAssembly
Native extension for WindowsStandalone target not found
Native extension for WebGL target not found
Refreshing native plugins compatible for Editor in 0.33 ms, found 0 plugins.
Preloading 0 native plugins for Editor in 0.00 ms.
Invoked RoslynAnalysisRunner static constructor.
RoslynAnalysisRunner will not be running.
RoslynAnalysisRunner has terminated.
Mono: successfully reloaded assembly
- Completed reload, in  1.071 seconds
Platform modules already initialized, skipping
Refreshing native plugins compatible for Editor in 0.37 ms, found 0 plugins.
Preloading 0 native plugins for Editor in 0.00 ms.
Unloading 1155 Unused Serialized files (Serialized files now loaded: 0)
System memory in use before: 83.6 MB.
System memory in use after: 83.7 MB.

Unloading 5 unused Assets to reduce memory usage. Loaded Objects now: 1726.
Total: 1.998100 ms (FindLiveObjects: 0.226100 ms CreateObjectMapping: 0.030700 ms MarkObjects: 1.647100 ms  DeleteObjects: 0.092900 ms)

========================================================================
Received Import Request.
  Time since last request: 4960.414428 seconds.
  path: Assets/F3_Corvette
  artifactKey: Guid(35d74850b4be1094f914bcd773e11895) Importer(815301076,1909f56bfc062723c751e8b465ee728b)
Start importing Assets/F3_Corvette using Guid(35d74850b4be1094f914bcd773e11895) Importer(815301076,1909f56bfc062723c751e8b465ee728b)  -> (artifact id: '4df02383fdc27ffd59cc49f41eee5bed') in 0.013626 seconds
  Import took 0.016434 seconds .

========================================================================
Received Import Request.
  Time since last request: 1.058565 seconds.
  path: Assets/F3_Corvette/Prefabs
  artifactKey: Guid(0b8c335ad81e9ed4391adfd78e3801d5) Importer(815301076,1909f56bfc062723c751e8b465ee728b)
Start importing Assets/F3_Corvette/Prefabs using Guid(0b8c335ad81e9ed4391adfd78e3801d5) Importer(815301076,1909f56bfc062723c751e8b465ee728b)  -> (artifact id: '5e50b293afc7d88bc87ebfee870d4e79') in 0.009348 seconds
  Import took 0.012360 seconds .

========================================================================
Received Import Request.
  Time since last request: 0.079292 seconds.
  path: Assets/F3_Corvette/Prefabs/F3_Green Variant.prefab
  artifactKey: Guid(1b9c9bd520ad54747a98d7222069677a) Importer(815301076,1909f56bfc062723c751e8b465ee728b)
Start importing Assets/F3_Corvette/Prefabs/F3_Green Variant.prefab using Guid(1b9c9bd520ad54747a98d7222069677a) Importer(815301076,1909f56bfc062723c751e8b465ee728b)  -> (artifact id: 'a5d247af64037c176f4a384a61c763cc') in 0.408308 seconds
  Import took 0.412593 seconds .

========================================================================
Received Import Request.
  Time since last request: 0.000235 seconds.
  path: Assets/F3_Corvette/Prefabs/F3_Red Variant.prefab
  artifactKey: Guid(481351381d17b144594f0cceef6ef608) Importer(815301076,1909f56bfc062723c751e8b465ee728b)
Start importing Assets/F3_Corvette/Prefabs/F3_Red Variant.prefab using Guid(481351381d17b144594f0cceef6ef608) Importer(815301076,1909f56bfc062723c751e8b465ee728b)  -> (artifact id: '3a96e3e0f37e2f70ec8d6fe41e34b4c8') in 0.043794 seconds
  Import took 0.047177 seconds .

========================================================================
Received Import Request.
  Time since last request: 0.000306 seconds.
  path: Assets/F3_Corvette/Prefabs/F3_Grey Variant.prefab
  artifactKey: Guid(f00c8df389af47046baea2d14b531550) Importer(815301076,1909f56bfc062723c751e8b465ee728b)
Start importing Assets/F3_Corvette/Prefabs/F3_Grey Variant.prefab using Guid(f00c8df389af47046baea2d14b531550) Importer(815301076,1909f56bfc062723c751e8b465ee728b)  -> (artifact id: '2cdb2894a1f013e913bf5682670110bb') in 0.035549 seconds
  Import took 0.039446 seconds .

========================================================================
Received Import Request.
  Time since last request: 0.000269 seconds.
  path: Assets/F3_Corvette/Prefabs/F3_Yellow Variant.prefab
  artifactKey: Guid(4a44e7ddd5d26154cb1e23c0c3a2addb) Importer(815301076,1909f56bfc062723c751e8b465ee728b)
Start importing Assets/F3_Corvette/Prefabs/F3_Yellow Variant.prefab using Guid(4a44e7ddd5d26154cb1e23c0c3a2addb) Importer(815301076,1909f56bfc062723c751e8b465ee728b)  -> (artifact id: '0fabb459fb4bf9b97cefdd9a692d88be') in 0.039329 seconds
  Import took 0.044319 seconds .

========================================================================
Received Import Request.
  Time since last request: 19.332582 seconds.
  path: Assets/SF_Fighter
  artifactKey: Guid(5401b9efa04490049820fdc70e9fec2d) Importer(815301076,1909f56bfc062723c751e8b465ee728b)
Start importing Assets/SF_Fighter using Guid(5401b9efa04490049820fdc70e9fec2d) Importer(815301076,1909f56bfc062723c751e8b465ee728b)  -> (artifact id: '1fa33a3f7fa521109017ceaaf536f794') in 0.010122 seconds
  Import took 0.012724 seconds .

========================================================================
Received Import Request.
  Time since last request: 0.077686 seconds.
  path: Assets/SF_Fighter/SF_Free-Fighter.FBX
  artifactKey: Guid(a2b9f16335cfda74081507453d1466ee) Importer(815301076,1909f56bfc062723c751e8b465ee728b)
Start importing Assets/SF_Fighter/SF_Free-Fighter.FBX using Guid(a2b9f16335cfda74081507453d1466ee) Importer(815301076,1909f56bfc062723c751e8b465ee728b)  -> (artifact id: '90f229e98387a893388e193dca7afe72') in 0.055452 seconds
  Import took 0.058508 seconds .

========================================================================
Received Import Request.
  Time since last request: 0.000245 seconds.
  path: Assets/SF_Fighter/SF_Free-Fighter.prefab
  artifactKey: Guid(cdbec52167efb6a48b63cebb3284c246) Importer(815301076,1909f56bfc062723c751e8b465ee728b)
Start importing Assets/SF_Fighter/SF_Free-Fighter.prefab using Guid(cdbec52167efb6a48b63cebb3284c246) Importer(815301076,1909f56bfc062723c751e8b465ee728b)  -> (artifact id: '6bf0acebf661a0d56eb1e988a7f06f8f') in 0.026947 seconds
  Import took 0.029694 seconds .

========================================================================
Received Import Request.
  Time since last request: 66.080142 seconds.
  path: Assets/Asset packs/SpaceShipPack/Textures/Pixel Make Voyager/01_Cockpit
  artifactKey: Guid(04fba4a48361d6f428aee699cfa2d8fc) Importer(815301076,1909f56bfc062723c751e8b465ee728b)
Start importing Assets/Asset packs/SpaceShipPack/Textures/Pixel Make Voyager/01_Cockpit using Guid(04fba4a48361d6f428aee699cfa2d8fc) Importer(815301076,1909f56bfc062723c751e8b465ee728b)  -> (artifact id: 'd3f2f01fc1eb83e374c3a2d497f1b666') in 0.008831 seconds
  Import took 0.011616 seconds .

========================================================================
Received Import Request.
  Time since last request: 17.974881 seconds.
  path: Assets/Asset packs/SpaceShipPack/Textures/Pixel Make Voyager/01_Cockpit/01_Cockpit_Specular.png
  artifactKey: Guid(1e256ea713d0902428632c0c2d818a18) Importer(815301076,1909f56bfc062723c751e8b465ee728b)
Start importing Assets/Asset packs/SpaceShipPack/Textures/Pixel Make Voyager/01_Cockpit/01_Cockpit_Specular.png using Guid(1e256ea713d0902428632c0c2d818a18) Importer(815301076,1909f56bfc062723c751e8b465ee728b)  -> (artifact id: '70992f67f1c63c9d779fc6eb2f0860af') in 0.025911 seconds
  Import took 0.028846 seconds .

========================================================================
Received Import Request.
  Time since last request: 6.659836 seconds.
  path: Assets/Asset packs/SpaceShipPack/Textures/Pixel Make Voyager/01_Cockpit/01_Cockpit_Specular.png
  artifactKey: Guid(1e256ea713d0902428632c0c2d818a18) Importer(815301076,1909f56bfc062723c751e8b465ee728b)
Start importing Assets/Asset packs/SpaceShipPack/Textures/Pixel Make Voyager/01_Cockpit/01_Cockpit_Specular.png using Guid(1e256ea713d0902428632c0c2d818a18) Importer(815301076,1909f56bfc062723c751e8b465ee728b)  -> (artifact id: 'e15bb7fe7c44a2e40a5b5ff41f0bb365') in 0.022665 seconds
  Import took 0.025803 seconds .

========================================================================
Received Import Request.
  Time since last request: 3.633114 seconds.
  path: Assets/Asset packs/SpaceShipPack/Textures/Pixel Make Voyager/05_Wings
  artifactKey: Guid(02661b27fcc68f940846f2768a834938) Importer(815301076,1909f56bfc062723c751e8b465ee728b)
Start importing Assets/Asset packs/SpaceShipPack/Textures/Pixel Make Voyager/05_Wings using Guid(02661b27fcc68f940846f2768a834938) Importer(815301076,1909f56bfc062723c751e8b465ee728b)  -> (artifact id: '8f5433984beec2384a51b82865148230') in 0.009692 seconds
  Import took 0.012224 seconds .

========================================================================
Received Import Request.
  Time since last request: 0.126716 seconds.
  path: Assets/Asset packs/SpaceShipPack/Textures/Pixel Make Voyager/05_Wings/05_Wings_Albedo.png
  artifactKey: Guid(da1250f7e67ecad4bace5b0cf8fb7bee) Importer(815301076,1909f56bfc062723c751e8b465ee728b)
Start importing Assets/Asset packs/SpaceShipPack/Textures/Pixel Make Voyager/05_Wings/05_Wings_Albedo.png using Guid(da1250f7e67ecad4bace5b0cf8fb7bee) Importer(815301076,1909f56bfc062723c751e8b465ee728b)  -> (artifact id: '191f3d634f02a98f92f60b32f631bcee') in 0.016414 seconds
  Import took 0.019431 seconds .

========================================================================
Received Import Request.
  Time since last request: 0.000260 seconds.
  path: Assets/Asset packs/SpaceShipPack/Textures/Pixel Make Voyager/05_Wings/05_Wings_Specular.png
  artifactKey: Guid(cba0117aadafbd44fb5e981dec8bcbb2) Importer(815301076,1909f56bfc062723c751e8b465ee728b)
Start importing Assets/Asset packs/SpaceShipPack/Textures/Pixel Make Voyager/05_Wings/05_Wings_Specular.png using Guid(cba0117aadafbd44fb5e981dec8bcbb2) Importer(815301076,1909f56bfc062723c751e8b465ee728b)  -> (artifact id: 'e3dd230f008840b308f782f247524f88') in 0.020904 seconds
  Import took 0.023453 seconds .

========================================================================
Received Import Request.
  Time since last request: 3.754067 seconds.
  path: Assets/Asset packs/SpaceShipPack/Textures/Pixel Make Voyager/05_Wings/05_Wings_Specular.png
  artifactKey: Guid(cba0117aadafbd44fb5e981dec8bcbb2) Importer(815301076,1909f56bfc062723c751e8b465ee728b)
Start importing Assets/Asset packs/SpaceShipPack/Textures/Pixel Make Voyager/05_Wings/05_Wings_Specular.png using Guid(cba0117aadafbd44fb5e981dec8bcbb2) Importer(815301076,1909f56bfc062723c751e8b465ee728b)  -> (artifact id: '87a7b2f512106242bf2b5740808c6844') in 0.012868 seconds
  Import took 0.015973 seconds .

========================================================================
Received Import Request.
  Time since last request: 0.010659 seconds.
  path: Assets/Asset packs/SpaceShipPack/Textures/Pixel Make Voyager/05_Wings/05_Wings_Specular.png
  artifactKey: Guid(cba0117aadafbd44fb5e981dec8bcbb2) Importer(815301076,1909f56bfc062723c751e8b465ee728b)
Start importing Assets/Asset packs/SpaceShipPack/Textures/Pixel Make Voyager/05_Wings/05_Wings_Specular.png using Guid(cba0117aadafbd44fb5e981dec8bcbb2) Importer(815301076,1909f56bfc062723c751e8b465ee728b)  -> (artifact id: '87a7b2f512106242bf2b5740808c6844') in 0.008933 seconds
  Import took 0.011985 seconds .

========================================================================
Received Import Request.
  Time since last request: 3.903549 seconds.
  path: Assets/Asset packs/SpaceShipPack/Textures/Pixel Make Voyager/05_Wings/05_Wings_Specular.png
  artifactKey: Guid(cba0117aadafbd44fb5e981dec8bcbb2) Importer(815301076,1909f56bfc062723c751e8b465ee728b)
Start importing Assets/Asset packs/SpaceShipPack/Textures/Pixel Make Voyager/05_Wings/05_Wings_Specular.png using Guid(cba0117aadafbd44fb5e981dec8bcbb2) Importer(815301076,1909f56bfc062723c751e8b465ee728b)  -> (artifact id: 'a8cce3b0e921f9288170034f1094ddd2') in 0.020181 seconds
  Import took 0.023194 seconds .

========================================================================
Received Import Request.
  Time since last request: 0.004078 seconds.
  path: Assets/Asset packs/SpaceShipPack/Textures/Pixel Make Voyager/05_Wings/05_Wings_Specular.png
  artifactKey: Guid(cba0117aadafbd44fb5e981dec8bcbb2) Importer(815301076,1909f56bfc062723c751e8b465ee728b)
Start importing Assets/Asset packs/SpaceShipPack/Textures/Pixel Make Voyager/05_Wings/05_Wings_Specular.png using Guid(cba0117aadafbd44fb5e981dec8bcbb2) Importer(815301076,1909f56bfc062723c751e8b465ee728b)  -> (artifact id: 'a8cce3b0e921f9288170034f1094ddd2') in 0.018449 seconds
  Import took 0.021021 seconds .

========================================================================
Received Prepare
Registering precompiled user dll's ...
Registered in 0.000866 seconds.
Begin MonoManager ReloadAssembly
Native extension for WindowsStandalone target not found
Native extension for WebGL target not found
Refreshing native plugins compatible for Editor in 0.28 ms, found 0 plugins.
Preloading 0 native plugins for Editor in 0.00 ms.
Invoked RoslynAnalysisRunner static constructor.
RoslynAnalysisRunner will not be running.
RoslynAnalysisRunner has terminated.
Mono: successfully reloaded assembly
- Completed reload, in  1.061 seconds
Platform modules already initialized, skipping
Refreshing native plugins compatible for Editor in 0.25 ms, found 0 plugins.
Preloading 0 native plugins for Editor in 0.00 ms.
Unloading 1155 Unused Serialized files (Serialized files now loaded: 0)
System memory in use before: 84.2 MB.
System memory in use after: 84.2 MB.

Unloading 5 unused Assets to reduce memory usage. Loaded Objects now: 1735.
Total: 1.829200 ms (FindLiveObjects: 0.159100 ms CreateObjectMapping: 0.028800 ms MarkObjects: 1.540900 ms  DeleteObjects: 0.099200 ms)

========================================================================
Received Import Request.
  Time since last request: 3311.958252 seconds.
  path: Assets/Asset packs/Asteroids Pack/Assets/Scripts
  artifactKey: Guid(bc2108dc18f35d347b43af0c3ccc9102) Importer(815301076,1909f56bfc062723c751e8b465ee728b)
Start importing Assets/Asset packs/Asteroids Pack/Assets/Scripts using Guid(bc2108dc18f35d347b43af0c3ccc9102) Importer(815301076,1909f56bfc062723c751e8b465ee728b)  -> (artifact id: '62c4358ad4019773b1126adfe8ad52d8') in 0.010599 seconds
  Import took 0.013471 seconds .

========================================================================
Received Import Request.
  Time since last request: 12.031972 seconds.
  path: Assets/Scenes/SampleScene.unity
  artifactKey: Guid(9fc0d4010bbf28b4594072e72b8655ab) Importer(815301076,1909f56bfc062723c751e8b465ee728b)
Start importing Assets/Scenes/SampleScene.unity using Guid(9fc0d4010bbf28b4594072e72b8655ab) Importer(815301076,1909f56bfc062723c751e8b465ee728b)  -> (artifact id: '0a7e39dff23342668fc9fa5bf190bb63') in 0.056647 seconds
  Import took 0.058616 seconds .

========================================================================
Received Prepare
Registering precompiled user dll's ...
Registered in 0.000778 seconds.
Begin MonoManager ReloadAssembly
Native extension for WindowsStandalone target not found
Native extension for WebGL target not found
Refreshing native plugins compatible for Editor in 0.21 ms, found 0 plugins.
Preloading 0 native plugins for Editor in 0.00 ms.
Invoked RoslynAnalysisRunner static constructor.
RoslynAnalysisRunner will not be running.
RoslynAnalysisRunner has terminated.
Mono: successfully reloaded assembly
- Completed reload, in  0.850 seconds
Platform modules already initialized, skipping
Refreshing native plugins compatible for Editor in 0.22 ms, found 0 plugins.
Preloading 0 native plugins for Editor in 0.00 ms.
Unloading 1155 Unused Serialized files (Serialized files now loaded: 0)
System memory in use before: 84.2 MB.
System memory in use after: 84.3 MB.

Unloading 5 unused Assets to reduce memory usage. Loaded Objects now: 1738.
Total: 2.369300 ms (FindLiveObjects: 0.169200 ms CreateObjectMapping: 0.029300 ms MarkObjects: 2.063800 ms  DeleteObjects: 0.105800 ms)

========================================================================
Received Prepare
Registering precompiled user dll's ...
Registered in 0.000715 seconds.
Begin MonoManager ReloadAssembly
Native extension for WindowsStandalone target not found
Native extension for WebGL target not found
Refreshing native plugins compatible for Editor in 0.23 ms, found 0 plugins.
Preloading 0 native plugins for Editor in 0.00 ms.
Invoked RoslynAnalysisRunner static constructor.
RoslynAnalysisRunner will not be running.
RoslynAnalysisRunner has terminated.
Mono: successfully reloaded assembly
- Completed reload, in  0.853 seconds
Platform modules already initialized, skipping
Refreshing native plugins compatible for Editor in 0.21 ms, found 0 plugins.
Preloading 0 native plugins for Editor in 0.00 ms.
Unloading 1155 Unused Serialized files (Serialized files now loaded: 0)
System memory in use before: 84.2 MB.
System memory in use after: 84.3 MB.

Unloading 5 unused Assets to reduce memory usage. Loaded Objects now: 1741.
Total: 1.832800 ms (FindLiveObjects: 0.179000 ms CreateObjectMapping: 0.031700 ms MarkObjects: 1.531500 ms  DeleteObjects: 0.089000 ms)

AssetImportWorkerClient::OnTransportError - code=2 error=End of file
