Using pre-set license
Built from '2020.3/release' branch; Version is '2020.3.2f1 (8fd9074bf66c) revision 9427207'; Using compiler version '192528614'; Build Type 'Release'
OS: 'Windows 10 Pro; OS build 19042.1110; Version 2009; 64bit' Language: 'ru' Physical Memory: 16335 MB
BatchMode: 1, IsHumanControllingUs: 0, StartBugReporterOnCrash: 0, Is64bit: 1, IsPro: 0

 COMMAND LINE ARGUMENTS:
C:\Unity\2020.3.2f1\Editor\Unity.exe
-adb2
-batchMode
-noUpm
-name
AssetImportWorker0
-projectPath
C:/Repos/Unity 3D/GenericSpaceSim
-logFile
Logs/AssetImportWorker0.log
-srvPort
50002
Successfully changed project path to: C:/Repos/Unity 3D/GenericSpaceSim
C:/Repos/Unity 3D/GenericSpaceSim
Using Asset Import Pipeline V2.
Refreshing native plugins compatible for Editor in 28.31 ms, found 0 plugins.
Preloading 0 native plugins for Editor in 0.00 ms.
Initialize engine version: 2020.3.2f1 (8fd9074bf66c)
[Subsystems] Discovering subsystems at path C:/Unity/2020.3.2f1/Editor/Data/Resources/UnitySubsystems
[Subsystems] Discovering subsystems at path C:/Repos/Unity 3D/GenericSpaceSim/Assets
GfxDevice: creating device client; threaded=0
Direct3D:
    Version:  Direct3D 11.0 [level 11.1]
    Renderer: NVIDIA GeForce GTX 1050 (ID=0x1c81)
    Vendor:   
    VRAM:     1977 MB
    Driver:   27.21.14.6589
Initialize mono
Mono path[0] = 'C:/Unity/2020.3.2f1/Editor/Data/Managed'
Mono path[1] = 'C:/Unity/2020.3.2f1/Editor/Data/MonoBleedingEdge/lib/mono/unityjit'
Mono config path = 'C:/Unity/2020.3.2f1/Editor/Data/MonoBleedingEdge/etc'
Using monoOptions --debugger-agent=transport=dt_socket,embedding=1,server=y,suspend=n,address=127.0.0.1:56560
Begin MonoManager ReloadAssembly
Registering precompiled unity dll's ...
Register platform support module: C:/Unity/2020.3.2f1/Editor/Data/PlaybackEngines/WebGLSupport/UnityEditor.WebGL.Extensions.dll
Register platform support module: C:/Unity/2020.3.2f1/Editor/Data/PlaybackEngines/WindowsStandaloneSupport/UnityEditor.WindowsStandalone.Extensions.dll
Registered in 0.002812 seconds.
Native extension for WindowsStandalone target not found
Native extension for WebGL target not found
Refreshing native plugins compatible for Editor in 26.77 ms, found 0 plugins.
Preloading 0 native plugins for Editor in 0.00 ms.
Invoked RoslynAnalysisRunner static constructor.
RoslynAnalysisRunner will not be running.
RoslynAnalysisRunner has terminated.
Mono: successfully reloaded assembly
- Completed reload, in  2.190 seconds
Platform modules already initialized, skipping
Registering precompiled user dll's ...
Registered in 0.000747 seconds.
Begin MonoManager ReloadAssembly
Native extension for WindowsStandalone target not found
Native extension for WebGL target not found
Refreshing native plugins compatible for Editor in 0.25 ms, found 0 plugins.
Preloading 0 native plugins for Editor in 0.00 ms.
Invoked RoslynAnalysisRunner static constructor.
RoslynAnalysisRunner will not be running.
RoslynAnalysisRunner has terminated.
Mono: successfully reloaded assembly
- Completed reload, in  0.885 seconds
Platform modules already initialized, skipping
========================================================================
Worker process is ready to serve import requests
Launched and connected shader compiler UnityShaderCompiler.exe after 0.04 seconds
Refreshing native plugins compatible for Editor in 0.32 ms, found 0 plugins.
Preloading 0 native plugins for Editor in 0.00 ms.
Unloading 1162 Unused Serialized files (Serialized files now loaded: 0)
System memory in use before: 79.8 MB.
System memory in use after: 79.9 MB.

Unloading 9 unused Assets to reduce memory usage. Loaded Objects now: 1640.
Total: 2.129800 ms (FindLiveObjects: 0.164400 ms CreateObjectMapping: 0.037800 ms MarkObjects: 1.796900 ms  DeleteObjects: 0.129200 ms)

========================================================================
Received Import Request.
  path: Assets/Asset packs/3Skyboxes/Skybox_BlueNebular_Textures/BlueNebular_back.jpg
  artifactKey: Guid(714add663c6602a45ae7182a6c144323) Importer(815301076,1909f56bfc062723c751e8b465ee728b)
Start importing Assets/Asset packs/3Skyboxes/Skybox_BlueNebular_Textures/BlueNebular_back.jpg using Guid(714add663c6602a45ae7182a6c144323) Importer(815301076,1909f56bfc062723c751e8b465ee728b)  -> (artifact id: 'bfda7a676abc6ad27ab0e61c2d5c0bf8') in 0.171489 seconds
  Import took 0.174943 seconds .

========================================================================
Received Import Request.
  Time since last request: 0.000242 seconds.
  path: Assets/Asset packs/3Skyboxes/Skybox_BlueNebular_Textures/BlueNebular_front.jpg
  artifactKey: Guid(64256e95256b9064bb85c6658ea884aa) Importer(815301076,1909f56bfc062723c751e8b465ee728b)
Start importing Assets/Asset packs/3Skyboxes/Skybox_BlueNebular_Textures/BlueNebular_front.jpg using Guid(64256e95256b9064bb85c6658ea884aa) Importer(815301076,1909f56bfc062723c751e8b465ee728b)  -> (artifact id: '6cc0c4fe5fc4bc805a7c25d5436f4007') in 0.067906 seconds
  Import took 0.071098 seconds .

========================================================================
Received Import Request.
  Time since last request: 0.000209 seconds.
  path: Assets/Asset packs/3Skyboxes/Skybox_BlueNebular_Textures/BlueNebular_left.jpg
  artifactKey: Guid(d58c7aa74edd6ee4e843a8c54307a8dd) Importer(815301076,1909f56bfc062723c751e8b465ee728b)
Start importing Assets/Asset packs/3Skyboxes/Skybox_BlueNebular_Textures/BlueNebular_left.jpg using Guid(d58c7aa74edd6ee4e843a8c54307a8dd) Importer(815301076,1909f56bfc062723c751e8b465ee728b)  -> (artifact id: 'dc5886800fd89326bc9c35454859850b') in 0.065855 seconds
  Import took 0.069855 seconds .

========================================================================
Received Import Request.
  Time since last request: 0.000201 seconds.
  path: Assets/Asset packs/3Skyboxes/Skybox_BlueNebular_Textures
  artifactKey: Guid(7b3ed28e34bb6e045bed6fb8fc28ccdc) Importer(815301076,1909f56bfc062723c751e8b465ee728b)
Start importing Assets/Asset packs/3Skyboxes/Skybox_BlueNebular_Textures using Guid(7b3ed28e34bb6e045bed6fb8fc28ccdc) Importer(815301076,1909f56bfc062723c751e8b465ee728b)  -> (artifact id: 'fb8951c332e940744412695629b6301f') in 0.008730 seconds
  Import took 0.010734 seconds .

========================================================================
Received Import Request.
  Time since last request: 0.000180 seconds.
  path: Assets/Asset packs/3Skyboxes/Skybox_BlueNebular_Textures/BlueNebular_right.jpg
  artifactKey: Guid(06b96ca4707fbf24e80cbcfe2ab88549) Importer(815301076,1909f56bfc062723c751e8b465ee728b)
Start importing Assets/Asset packs/3Skyboxes/Skybox_BlueNebular_Textures/BlueNebular_right.jpg using Guid(06b96ca4707fbf24e80cbcfe2ab88549) Importer(815301076,1909f56bfc062723c751e8b465ee728b)  -> (artifact id: '74b51ba8c293ce09976fd18340dabe11') in 0.065295 seconds
  Import took 0.068714 seconds .

========================================================================
Received Import Request.
  Time since last request: 0.000255 seconds.
  path: Assets/Asset packs/3Skyboxes/Skybox_BlueNebular_Textures/BlueNebular_bottom.jpg
  artifactKey: Guid(8f042aa2fffc37643a0ca2fa3cfafbd1) Importer(815301076,1909f56bfc062723c751e8b465ee728b)
Start importing Assets/Asset packs/3Skyboxes/Skybox_BlueNebular_Textures/BlueNebular_bottom.jpg using Guid(8f042aa2fffc37643a0ca2fa3cfafbd1) Importer(815301076,1909f56bfc062723c751e8b465ee728b)  -> (artifact id: 'd749e9d2f517169d2786c31a4b4473b0') in 0.108974 seconds
  Import took 0.113228 seconds .

========================================================================
Received Import Request.
  Time since last request: 0.000199 seconds.
  path: Assets/Asset packs/3Skyboxes/Skybox_BlueNebular_Textures/BlueNebular_top.jpg
  artifactKey: Guid(dde976bcdaaea1143b8a48a75b7557be) Importer(815301076,1909f56bfc062723c751e8b465ee728b)
Start importing Assets/Asset packs/3Skyboxes/Skybox_BlueNebular_Textures/BlueNebular_top.jpg using Guid(dde976bcdaaea1143b8a48a75b7557be) Importer(815301076,1909f56bfc062723c751e8b465ee728b)  -> (artifact id: '094fc2d5f5a3f57ea0517b71b3f7516d') in 0.075472 seconds
  Import took 0.079364 seconds .

